2023-10-16 09:47:10,407 [INFO] Activator:176 - 


2023-10-16 09:47:10,415 [INFO] Activator:177 - !SESSION log4j initialized
2023-10-16 09:47:17,563 [ERROR] LogOutputStream:75 - [STDERR_REDIRECT] 
2023-10-16 09:47:23,569 [INFO] LogOutputStream:77 - [STDOUT_REDIRECT] 
2023-10-16 09:47:26,996 [INFO] LogOutputStream:77 - [STDOUT_REDIRECT] 
2023-10-16 09:47:28,709 [INFO] ApplicationProperties:184 - Using Application install path: /Applications/STM32CubeIDE.app/Contents/Eclipse/plugins/com.st.stm32cube.common.mx_6.9.2.202309101412
2023-10-16 09:47:28,741 [INFO] DbMcusXml:78 - Set database path to: /Applications/STM32CubeIDE.app/Contents/Eclipse/plugins/com.st.stm32cube.common.mx_6.9.2.202309101412//db//mcu/
2023-10-16 09:47:28,741 [INFO] ApiDb:274 - Set plugin database path to: /Applications/STM32CubeIDE.app/Contents/Eclipse/plugins/com.st.stm32cube.common.mx_6.9.2.202309101412//db//plugins/boardmanager/
2023-10-16 09:47:28,741 [WARN] ApiDb:259 - Overriding images path with different value:  => /Applications/STM32CubeIDE.app/Contents/Eclipse/plugins/com.st.stm32cube.common.mx_6.9.2.202309101412//db//plugins/mcufinder/images/
2023-10-16 09:47:28,776 [INFO] ApiDb:250 - Set database path to: /Users/OFA/.stmcufinder/plugins/mcufinder//mcu/
2023-10-16 09:47:28,778 [INFO] DbMcusAds:125 - Set database path to: /Users/OFA/.stmcufinder/plugins/mcufinder//mcu/
2023-10-16 09:47:28,782 [INFO] CrossReferenceDbSqlite:203 - Set database path to: /Users/OFA/.stmcufinder/plugins/mcufinder//mcu/cs/
2023-10-16 09:47:28,996 [INFO] RulesReader:64 - Compatibility file has been processed (293 Rules)
2023-10-16 09:47:29,098 [INFO] DbMcusXml:78 - Set database path to: /Applications/STM32CubeIDE.app/Contents/Eclipse/plugins/com.st.stm32cube.common.mx_6.9.2.202309101412//db//mcu/
2023-10-16 09:47:29,099 [INFO] ApiDb:274 - Set plugin database path to: /Applications/STM32CubeIDE.app/Contents/Eclipse/plugins/com.st.stm32cube.common.mx_6.9.2.202309101412//db//plugins/boardmanager/
2023-10-16 09:47:29,099 [INFO] ApiDb:261 - Set plugin images path to: /Applications/STM32CubeIDE.app/Contents/Eclipse/plugins/com.st.stm32cube.common.mx_6.9.2.202309101412//db//plugins/mcufinder/images/
2023-10-16 09:47:29,099 [WARN] DbFile:41 - Overriding database path with different value: /Users/OFA/.stmcufinder/plugins/mcufinder/ => /Users/OFA/.stmcufinder/plugins/mcufinder
2023-10-16 09:47:29,099 [INFO] ApiDb:250 - Set database path to: /Users/OFA/.stmcufinder/plugins/mcufinder//mcu/
2023-10-16 09:47:29,100 [WARN] DbFile:41 - Overriding database path with different value: /Users/OFA/.stmcufinder/plugins/mcufinder/ => /Users/OFA/.stmcufinder/plugins/mcufinder
2023-10-16 09:47:29,100 [INFO] DbMcusAds:125 - Set database path to: /Users/OFA/.stmcufinder/plugins/mcufinder//mcu/
2023-10-16 09:47:29,100 [WARN] DbFile:41 - Overriding database path with different value: /Users/OFA/.stmcufinder/plugins/mcufinder/ => /Users/OFA/.stmcufinder/plugins/mcufinder
2023-10-16 09:47:29,100 [WARN] DbFile:41 - Overriding database path with different value: /Users/OFA/.stmcufinder/plugins/mcufinder/ => /Users/OFA/.stmcufinder/plugins/mcufinder
2023-10-16 09:47:29,101 [INFO] CrossReferenceDbSqlite:203 - Set database path to: /Users/OFA/.stmcufinder/plugins/mcufinder//mcu/cs/
2023-10-16 09:47:29,248 [INFO] MainPanel:262 - HeapMemory: 268435456
2023-10-16 09:47:29,489 [INFO] DbMcusXml:78 - Set database path to: /Applications/STM32CubeIDE.app/Contents/Eclipse/plugins/com.st.stm32cube.common.mx_6.9.2.202309101412//db//mcu/
2023-10-16 09:47:29,489 [INFO] ApiDb:274 - Set plugin database path to: /Applications/STM32CubeIDE.app/Contents/Eclipse/plugins/com.st.stm32cube.common.mx_6.9.2.202309101412//db//plugins/boardmanager/
2023-10-16 09:47:29,490 [INFO] ApiDb:261 - Set plugin images path to: /Applications/STM32CubeIDE.app/Contents/Eclipse/plugins/com.st.stm32cube.common.mx_6.9.2.202309101412//db//plugins/mcufinder/images/
2023-10-16 09:47:29,490 [WARN] DbFile:41 - Overriding database path with different value: /Users/OFA/.stmcufinder/plugins/mcufinder/ => /Users/OFA/.stmcufinder/plugins/mcufinder
2023-10-16 09:47:29,490 [INFO] ApiDb:250 - Set database path to: /Users/OFA/.stmcufinder/plugins/mcufinder//mcu/
2023-10-16 09:47:29,491 [WARN] DbFile:41 - Overriding database path with different value: /Users/OFA/.stmcufinder/plugins/mcufinder/ => /Users/OFA/.stmcufinder/plugins/mcufinder
2023-10-16 09:47:29,491 [INFO] DbMcusAds:125 - Set database path to: /Users/OFA/.stmcufinder/plugins/mcufinder//mcu/
2023-10-16 09:47:29,491 [WARN] DbFile:41 - Overriding database path with different value: /Users/OFA/.stmcufinder/plugins/mcufinder/ => /Users/OFA/.stmcufinder/plugins/mcufinder
2023-10-16 09:47:29,491 [WARN] DbFile:41 - Overriding database path with different value: /Users/OFA/.stmcufinder/plugins/mcufinder/ => /Users/OFA/.stmcufinder/plugins/mcufinder
2023-10-16 09:47:29,491 [INFO] CrossReferenceDbSqlite:203 - Set database path to: /Users/OFA/.stmcufinder/plugins/mcufinder//mcu/cs/
2023-10-16 09:47:29,526 [INFO] ApplicationProperties:184 - Using Application install path: /Applications/STM32CubeIDE.app/Contents/Eclipse/plugins/com.st.stm32cube.common.mx_6.9.2.202309101412
2023-10-16 09:47:29,529 [INFO] PluginManage:196 - Search for loadable plugins [exclusion list=, ]
2023-10-16 09:47:29,531 [INFO] PluginManage:310 - Check plugin analytics
2023-10-16 09:47:34,783 [INFO] AnalyticsPlugin:253 - Accepted Software Licenses: STM32CubeMX.6.9.2
2023-10-16 09:47:34,784 [INFO] AnalyticsPlugin:255 - Accepted CMSIS Pack Licenses: 
2023-10-16 09:47:34,784 [INFO] AnalyticsPlugin:257 - Accepted Firmware Licenses: FW.F4.1.27.0
2023-10-16 09:47:34,789 [INFO] PluginManage:359 - Loaded plugin analytics (category:tool,tabindex:-1)
2023-10-16 09:47:34,789 [INFO] PluginManage:310 - Check plugin cadmodel
2023-10-16 09:47:35,956 [INFO] CADModel:105 - Init CAD model plugin
2023-10-16 09:47:35,957 [INFO] PluginManage:359 - Loaded plugin cadmodel (category:power,tabindex:5)
2023-10-16 09:47:35,957 [INFO] PluginManage:310 - Check plugin clock
2023-10-16 09:47:35,973 [INFO] PluginManage:359 - Loaded plugin clock (category:base,tabindex:2)
2023-10-16 09:47:35,973 [INFO] PluginManage:310 - Check plugin ddr
2023-10-16 09:47:35,977 [INFO] PluginManage:359 - Loaded plugin ddr (category:tool,tabindex:6)
2023-10-16 09:47:35,977 [INFO] PluginManage:310 - Check plugin filemanager
2023-10-16 09:47:36,221 [INFO] PluginManage:359 - Loaded plugin filemanager (category:base,tabindex:10)
2023-10-16 09:47:36,221 [INFO] PluginManage:310 - Check plugin ipmanager
2023-10-16 09:47:36,231 [INFO] PluginManage:359 - Loaded plugin ipmanager (category:base,tabindex:5)
2023-10-16 09:47:36,231 [INFO] PluginManage:310 - Check plugin lpbam
2023-10-16 09:47:36,249 [INFO] PluginManage:359 - Loaded plugin lpbam (category:base,tabindex:0)
2023-10-16 09:47:36,249 [INFO] PluginManage:310 - Check plugin memorymap
2023-10-16 09:47:36,271 [INFO] PluginManage:359 - Loaded plugin memorymap (category:base,tabindex:4)
2023-10-16 09:47:36,271 [INFO] PluginManage:310 - Check plugin pinoutandconfiguration
2023-10-16 09:47:36,282 [INFO] PluginManage:359 - Loaded plugin pinoutandconfiguration (category:base,tabindex:1)
2023-10-16 09:47:36,282 [INFO] PluginManage:310 - Check plugin pinoutconfig
2023-10-16 09:47:36,428 [WARN] SupportedApi:132 - Cannot load RTOS API schema: s4s-elt-must-match.1: The content of 'definitions' must match (annotation?, (simpleType | complexType)?, (unique | key | keyref)*)). A problem was found starting at: attribute.
2023-10-16 09:47:36,676 [INFO] PluginManage:359 - Loaded plugin pinoutconfig (category:base,tabindex:0)
2023-10-16 09:47:36,676 [INFO] PluginManage:310 - Check plugin power
2023-10-16 09:47:36,692 [INFO] PluginManage:359 - Loaded plugin power (category:power,tabindex:4)
2023-10-16 09:47:36,692 [INFO] PluginManage:310 - Check plugin projectmanager
2023-10-16 09:47:36,711 [INFO] PluginManage:359 - Loaded plugin projectmanager (category:projectmanager,tabindex:3)
2023-10-16 09:47:36,711 [INFO] PluginManage:310 - Check plugin thirdparty
2023-10-16 09:47:36,894 [INFO] PluginManage:359 - Loaded plugin thirdparty (category:base,tabindex:-1)
2023-10-16 09:47:36,894 [WARN] IntegrityCheckThread:84 - waiting for thirdparty lock release [integrity check]
2023-10-16 09:47:36,895 [INFO] IntegrityCheckThread:86 - entering critical section [integrity check]
2023-10-16 09:47:36,895 [INFO] PluginManage:310 - Check plugin tools
2023-10-16 09:47:36,895 [INFO] ThirdPartyUpdaterWithRetryManager:70 - Updater plugin not ready yet. [1/15]
2023-10-16 09:47:36,898 [INFO] PluginManage:359 - Loaded plugin tools (category:base,tabindex:7)
2023-10-16 09:47:36,898 [INFO] PluginManage:310 - Check plugin tutovideos
2023-10-16 09:47:37,217 [INFO] PluginManage:359 - Loaded plugin tutovideos (category:base,tabindex:-1)
2023-10-16 09:47:37,218 [INFO] PluginManage:310 - Check plugin updater
2023-10-16 09:47:37,235 [INFO] PluginManage:359 - Loaded plugin updater (category:base,tabindex:12)
2023-10-16 09:47:37,235 [INFO] PluginManage:310 - Check plugin userauth
2023-10-16 09:47:37,243 [INFO] UserAuth:113 - Init User Auth plugin
2023-10-16 09:47:37,243 [INFO] PluginManage:359 - Loaded plugin userauth (category:base,tabindex:14)
2023-10-16 09:47:37,244 [INFO] PluginManage:283 - PluginManage : Loaded plugins [17]
2023-10-16 09:47:37,584 [INFO] PinOutPanel:1499 - setPackage(No Configuration,No Configuration)
2023-10-16 09:47:37,725 [INFO] CADModel:165 - CPN selected for project level
2023-10-16 09:47:37,725 [INFO] CADModel:114 - Register for checkConnection events
2023-10-16 09:47:37,745 [INFO] IPUIPlugin:80 - create IPUIPlugin
2023-10-16 09:47:37,746 [INFO] PluginManager:220 - loadIPPluginJar : add mdma
2023-10-16 09:47:37,757 [INFO] IPUIPlugin:80 - create IPUIPlugin
2023-10-16 09:47:37,757 [INFO] PluginManager:220 - loadIPPluginJar : add freertos
2023-10-16 09:47:37,765 [INFO] IPUIPlugin:80 - create IPUIPlugin
2023-10-16 09:47:37,765 [INFO] PluginManager:220 - loadIPPluginJar : add gic
2023-10-16 09:47:37,782 [INFO] IPUIPlugin:80 - create IPUIPlugin
2023-10-16 09:47:37,782 [INFO] PluginManager:220 - loadIPPluginJar : add adc
2023-10-16 09:47:37,786 [INFO] IPUIPlugin:80 - create IPUIPlugin
2023-10-16 09:47:37,787 [INFO] PluginManager:220 - loadIPPluginJar : add gtzc
2023-10-16 09:47:37,788 [INFO] IPUIPlugin:80 - create IPUIPlugin
2023-10-16 09:47:37,789 [INFO] PluginManager:220 - loadIPPluginJar : add quadspi
2023-10-16 09:47:37,792 [INFO] IPUIPlugin:80 - create IPUIPlugin
2023-10-16 09:47:37,792 [INFO] PluginManager:220 - loadIPPluginJar : add aes
2023-10-16 09:47:37,797 [INFO] IPUIPlugin:80 - create IPUIPlugin
2023-10-16 09:47:37,797 [INFO] PluginManager:220 - loadIPPluginJar : add pdm2pcm
2023-10-16 09:47:37,800 [INFO] IPUIPlugin:80 - create IPUIPlugin
2023-10-16 09:47:37,800 [INFO] PluginManager:220 - loadIPPluginJar : add hash
2023-10-16 09:47:37,802 [INFO] IPUIPlugin:80 - create IPUIPlugin
2023-10-16 09:47:37,802 [INFO] PluginManager:220 - loadIPPluginJar : add tim
2023-10-16 09:47:37,804 [INFO] IPUIPlugin:80 - create IPUIPlugin
2023-10-16 09:47:37,804 [INFO] PluginManager:220 - loadIPPluginJar : add tsc
2023-10-16 09:47:37,807 [INFO] IPUIPlugin:80 - create IPUIPlugin
2023-10-16 09:47:37,807 [INFO] PluginManager:220 - loadIPPluginJar : add ts
2023-10-16 09:47:37,811 [INFO] IPUIPlugin:80 - create IPUIPlugin
2023-10-16 09:47:37,811 [INFO] PluginManager:220 - loadIPPluginJar : add can
2023-10-16 09:47:37,815 [INFO] IPUIPlugin:80 - create IPUIPlugin
2023-10-16 09:47:37,815 [INFO] PluginManager:220 - loadIPPluginJar : add dma3
2023-10-16 09:47:37,818 [INFO] IPUIPlugin:80 - create IPUIPlugin
2023-10-16 09:47:37,819 [INFO] PluginManager:220 - loadIPPluginJar : add dfsdm
2023-10-16 09:47:37,823 [INFO] IPUIPlugin:80 - create IPUIPlugin
2023-10-16 09:47:37,823 [INFO] PluginManager:220 - loadIPPluginJar : add spi
2023-10-16 09:47:37,826 [INFO] IPUIPlugin:80 - create IPUIPlugin
2023-10-16 09:47:37,826 [INFO] PluginManager:220 - loadIPPluginJar : add gfxmmu
2023-10-16 09:47:37,828 [INFO] IPUIPlugin:80 - create IPUIPlugin
2023-10-16 09:47:37,828 [INFO] PluginManager:220 - loadIPPluginJar : add genericplugin
2023-10-16 09:47:37,831 [INFO] IPUIPlugin:80 - create IPUIPlugin
2023-10-16 09:47:37,831 [INFO] PluginManager:220 - loadIPPluginJar : add cryp
2023-10-16 09:47:37,837 [INFO] IPUIPlugin:80 - create IPUIPlugin
2023-10-16 09:47:37,837 [INFO] PluginManager:220 - loadIPPluginJar : add gpio
2023-10-16 09:47:37,839 [INFO] IPUIPlugin:80 - create IPUIPlugin
2023-10-16 09:47:37,840 [INFO] PluginManager:220 - loadIPPluginJar : add comp
2023-10-16 09:47:37,842 [INFO] IPUIPlugin:80 - create IPUIPlugin
2023-10-16 09:47:37,843 [INFO] PluginManager:220 - loadIPPluginJar : add tracer_emb
2023-10-16 09:47:37,848 [INFO] IPUIPlugin:80 - create IPUIPlugin
2023-10-16 09:47:37,848 [INFO] PluginManager:220 - loadIPPluginJar : add openamp
2023-10-16 09:47:37,855 [INFO] IPUIPlugin:80 - create IPUIPlugin
2023-10-16 09:47:37,856 [INFO] PluginManager:220 - loadIPPluginJar : add stm32_wpan
2023-10-16 09:47:37,866 [INFO] IPUIPlugin:80 - create IPUIPlugin
2023-10-16 09:47:37,870 [INFO] PluginManager:220 - loadIPPluginJar : add plateformsettings
2023-10-16 09:47:37,876 [INFO] IPUIPlugin:80 - create IPUIPlugin
2023-10-16 09:47:37,876 [INFO] PluginManager:220 - loadIPPluginJar : add ipddr
2023-10-16 09:47:37,880 [INFO] IPUIPlugin:80 - create IPUIPlugin
2023-10-16 09:47:37,880 [INFO] PluginManager:220 - loadIPPluginJar : add usart
2023-10-16 09:47:37,882 [INFO] IPUIPlugin:80 - create IPUIPlugin
2023-10-16 09:47:37,882 [INFO] PluginManager:220 - loadIPPluginJar : add ltdc
2023-10-16 09:47:37,888 [INFO] IPUIPlugin:80 - create IPUIPlugin
2023-10-16 09:47:37,888 [INFO] PluginManager:220 - loadIPPluginJar : add nvic
2023-10-16 09:47:37,890 [INFO] IPUIPlugin:80 - create IPUIPlugin
2023-10-16 09:47:37,890 [INFO] PluginManager:220 - loadIPPluginJar : add fatfs
2023-10-16 09:47:37,901 [INFO] IPUIPlugin:80 - create IPUIPlugin
2023-10-16 09:47:37,901 [INFO] PluginManager:220 - loadIPPluginJar : add linkedlist
2023-10-16 09:47:37,909 [INFO] IPUIPlugin:80 - create IPUIPlugin
2023-10-16 09:47:37,909 [INFO] PluginManager:220 - loadIPPluginJar : add dma
2023-10-16 09:47:37,915 [INFO] IPUIPlugin:80 - create IPUIPlugin
2023-10-16 09:47:37,919 [INFO] PluginManager:220 - loadIPPluginJar : add fmc
2023-10-16 09:47:37,923 [INFO] IPUIPlugin:80 - create IPUIPlugin
2023-10-16 09:47:37,923 [INFO] PluginManager:220 - loadIPPluginJar : add i2s
2023-10-16 09:47:37,926 [INFO] IPUIPlugin:80 - create IPUIPlugin
2023-10-16 09:47:37,926 [INFO] PluginManager:220 - loadIPPluginJar : add ucpd
2023-10-16 09:47:37,930 [INFO] IPUIPlugin:80 - create IPUIPlugin
2023-10-16 09:47:37,935 [INFO] PluginManager:220 - loadIPPluginJar : add lorawan
2023-10-16 09:47:37,939 [INFO] IPUIPlugin:80 - create IPUIPlugin
2023-10-16 09:47:37,939 [INFO] PluginManager:220 - loadIPPluginJar : add opamp
2023-10-16 09:47:37,943 [INFO] IPUIPlugin:80 - create IPUIPlugin
2023-10-16 09:47:37,943 [INFO] PluginManager:220 - loadIPPluginJar : add i3c
2023-10-16 09:47:37,947 [INFO] IPUIPlugin:80 - create IPUIPlugin
2023-10-16 09:47:37,948 [INFO] PluginManager:220 - loadIPPluginJar : add touchsensing
2023-10-16 09:47:37,952 [INFO] IPUIPlugin:80 - create IPUIPlugin
2023-10-16 09:47:37,953 [INFO] PluginManager:220 - loadIPPluginJar : add i2c
2023-10-16 09:47:37,958 [INFO] IPUIPlugin:80 - create IPUIPlugin
2023-10-16 09:47:37,959 [INFO] PluginManager:220 - loadIPPluginJar : add resmgrutility
2023-10-16 09:47:37,965 [INFO] IPUIPlugin:80 - create IPUIPlugin
2023-10-16 09:47:37,965 [INFO] PluginManager:220 - loadIPPluginJar : add sai
2023-10-16 09:47:37,970 [INFO] IPUIPlugin:80 - create IPUIPlugin
2023-10-16 09:47:37,970 [INFO] PluginManager:220 - loadIPPluginJar : add usbx
2023-10-16 09:47:38,094 [INFO] CADModel:165 - CPN selected for project level
2023-10-16 09:47:38,094 [INFO] CADModel:114 - Register for checkConnection events
2023-10-16 09:47:38,095 [FATAL] Updater:308 - Updater called before beeing initialized
2023-10-16 09:47:38,095 [ERROR] CADModel:125 - Updater not yet initialized, retry later 
2023-10-16 09:47:38,960 [INFO] CADModel:165 - CPN selected for project level
2023-10-16 09:47:38,961 [INFO] CADModel:114 - Register for checkConnection events
2023-10-16 09:47:38,961 [FATAL] Updater:308 - Updater called before beeing initialized
2023-10-16 09:47:38,961 [ERROR] CADModel:125 - Updater not yet initialized, retry later 
2023-10-16 09:47:38,966 [FATAL] Updater:308 - Updater called before beeing initialized
2023-10-16 09:47:39,070 [FATAL] Updater:308 - Updater called before beeing initialized
2023-10-16 09:47:39,078 [INFO] DbMcusAds:53 - JSON generation date=Tue Mar 07 11:50:55 TRT 2023 (1678179055114)
2023-10-16 09:47:39,079 [FATAL] Updater:308 - Updater called before beeing initialized
2023-10-16 09:47:39,376 [WARN] DetailPanel:346 - Failed to get advertising image, set to default
2023-10-16 09:47:39,744 [FATAL] Updater:308 - Updater called before beeing initialized
2023-10-16 09:47:39,747 [FATAL] Updater:308 - Updater called before beeing initialized
2023-10-16 09:47:39,747 [FATAL] Updater:308 - Updater called before beeing initialized
2023-10-16 09:47:39,748 [WARN] DetailPanel:346 - Failed to get advertising image, set to default
2023-10-16 09:47:39,750 [FATAL] Updater:308 - Updater called before beeing initialized
2023-10-16 09:47:39,862 [ERROR] Updater:1120 - MainUpdater not yet initialized. External WinMGr cannot be set.
2023-10-16 09:47:39,894 [INFO] Updater:1056 - Updater Version found : 6.9.2
2023-10-16 09:47:39,896 [INFO] ThirdPartyUpdaterWithRetryManager:70 - Updater plugin not ready yet. [2/15]
2023-10-16 09:47:39,926 [INFO] ApplicationProperties:184 - Using Application install path: /Applications/STM32CubeIDE.app/Contents/Eclipse/plugins/com.st.stm32cube.common.mx_6.9.2.202309101412
2023-10-16 09:47:40,364 [INFO] MainUpdater:2868 - connection check result : 10
2023-10-16 09:47:40,364 [INFO] MainUpdater:3562 - Updater definition file requires update
2023-10-16 09:47:40,365 [INFO] MainUpdater:285 - Updater Check For Update Now.
2023-10-16 09:47:40,366 [INFO] MicroXplorer:498 - Change Database Version : DB.6.0.92
2023-10-16 09:47:40,374 [INFO] McuFinderGlobals:63 - Set McuFinder mode to 2 (CubeIDE integrated)
2023-10-16 09:47:40,374 [INFO] UserAuth:179 - activating auth plugin
2023-10-16 09:47:40,377 [INFO] UserAuth:393 - Internet connection configuration mode: 1
2023-10-16 09:47:40,406 [INFO] JxBrowserEngine:151 - Initiate JxBrowser Engine with user profile folder
2023-10-16 09:47:40,453 [INFO] ServerAccessManage:473 - Download File updaters.zip
2023-10-16 09:47:40,921 [INFO] FileExtend:240 - Unzip File : updaters.zip
2023-10-16 09:47:40,921 [INFO] FileExtend:255 - Standard Zip Deflate
2023-10-16 09:47:41,278 [INFO] ServerAccessManage:473 - Download File PacksControlFlags.xml
2023-10-16 09:47:41,421 [INFO] ServerAccessManage:473 - Download File cubemx.pidx
2023-10-16 09:47:42,901 [WARN] MainUpdater:1189 - Updater busy. Cannot search thirdparties
2023-10-16 09:47:42,901 [INFO] ThirdPartyUpdaterWithRetryManager:96 - Updater plugin is busy. [1/15]
2023-10-16 09:47:43,923 [ERROR] ServerAccessManage:1096 - Problem, Http access forbiden
2023-10-16 09:47:43,924 [ERROR] ServerAccessManage:651 - Problem, Http access forbiden : RoweBots.I-CUBE-UNISONRTOS.pdsc.
2023-10-16 09:47:45,903 [WARN] MainUpdater:1189 - Updater busy. Cannot search thirdparties
2023-10-16 09:47:45,904 [INFO] ThirdPartyUpdaterWithRetryManager:96 - Updater plugin is busy. [2/15]
2023-10-16 09:47:48,908 [WARN] MainUpdater:1189 - Updater busy. Cannot search thirdparties
2023-10-16 09:47:48,908 [INFO] ThirdPartyUpdaterWithRetryManager:96 - Updater plugin is busy. [3/15]
2023-10-16 09:47:51,097 [INFO] WebApp:157 - Instantiating new browser for Auth
2023-10-16 09:47:51,914 [WARN] MainUpdater:1189 - Updater busy. Cannot search thirdparties
2023-10-16 09:47:51,916 [INFO] ThirdPartyUpdaterWithRetryManager:96 - Updater plugin is busy. [4/15]
2023-10-16 09:47:52,265 [INFO] WebApp:753 - Register for checkConnection events
2023-10-16 09:47:52,265 [INFO] WebApp:390 - Apply proxy settings
2023-10-16 09:47:52,268 [INFO] WebApp:455 - Chromium authenticates against System proxy
2023-10-16 09:47:52,626 [INFO] WebApp:188 - Starting web application
2023-10-16 09:47:52,627 [INFO] WebApp:520 - Web application path used /Applications/STM32CubeIDE.app/Contents/Eclipse/plugins/com.st.stm32cube.common.mx_6.9.2.202309101412/db/plugins/mcufinder/reactClient1/index.html
2023-10-16 09:47:54,920 [WARN] MainUpdater:1189 - Updater busy. Cannot search thirdparties
2023-10-16 09:47:54,920 [INFO] ThirdPartyUpdaterWithRetryManager:96 - Updater plugin is busy. [5/15]
2023-10-16 09:47:57,924 [WARN] MainUpdater:1189 - Updater busy. Cannot search thirdparties
2023-10-16 09:47:57,925 [INFO] ThirdPartyUpdaterWithRetryManager:96 - Updater plugin is busy. [6/15]
2023-10-16 09:48:00,926 [WARN] MainUpdater:1189 - Updater busy. Cannot search thirdparties
2023-10-16 09:48:00,926 [INFO] ThirdPartyUpdaterWithRetryManager:96 - Updater plugin is busy. [7/15]
2023-10-16 09:48:03,929 [WARN] MainUpdater:1189 - Updater busy. Cannot search thirdparties
2023-10-16 09:48:03,929 [INFO] ThirdPartyUpdaterWithRetryManager:96 - Updater plugin is busy. [8/15]
2023-10-16 09:48:04,175 [INFO] ServerAccessManage:473 - Download File Infineon.AIROC-Wi-Fi-Bluetooth-STM32.pdsc
2023-10-16 09:48:06,353 [WARN] PackLoader:240 - Cannot read IP mode file for Infineon.AIROC-Wi-Fi-Bluetooth-STM32.1.5.1
2023-10-16 09:48:06,379 [INFO] PopulateThirdPartyThread:66 - Ending populate Thread
2023-10-16 09:48:06,381 [INFO] ThirdParty:1030 - CMSIS Pack Vendor :Infineon AIROC-Wi-Fi-Bluetooth-STM32 1.5.1
2023-10-16 09:48:06,382 [INFO] LoadServerUpdatesThread:373 - End of LoadServerUpdate Thread
2023-10-16 09:48:06,475 [INFO] CheckServerUpdateThread:120 - End of CheckServer Thread
2023-10-16 09:48:07,142 [WARN] PackLoader:240 - Cannot read IP mode file for STMicroelectronics.X-CUBE-SMBUS.2.1.0
2023-10-16 09:48:07,188 [WARN] PackLoader:240 - Cannot read IP mode file for STMicroelectronics.X-CUBE-AZRTOS-F7.1.1.0
2023-10-16 09:48:07,212 [WARN] PackLoader:240 - Cannot read IP mode file for STMicroelectronics.FP-SNS-MOTENV1.4.3.2
2023-10-16 09:48:07,221 [WARN] PackLoader:240 - Cannot read IP mode file for STMicroelectronics.FP-SNS-FLIGHT1.5.0.2
2023-10-16 09:48:07,236 [WARN] PackLoader:240 - Cannot read IP mode file for STMicroelectronics.X-CUBE-DISPLAY.3.0.0
2023-10-16 09:48:07,260 [WARN] PackLoader:240 - Cannot read IP mode file for STMicroelectronics.X-CUBE-BLE1.7.0.0
2023-10-16 09:48:07,270 [WARN] PackLoader:240 - Cannot read IP mode file for emotas.I-CUBE-CANOPEN.1.3.0
2023-10-16 09:48:07,277 [WARN] PackLoader:240 - Cannot read IP mode file for STMicroelectronics.X-CUBE-TOUCHGFX.4.22.1
2023-10-16 09:48:07,285 [WARN] PackLoader:240 - Cannot read IP mode file for STMicroelectronics.FP-SNS-SMARTAG2.1.2.0
2023-10-16 09:48:07,300 [INFO] LogOutputStream:77 - [STDOUT_REDIRECT] 1 : Invalid condition id : UX_CORESTACK_Condition cause : null
2023-10-16 09:48:07,301 [INFO] LogOutputStream:77 - [STDOUT_REDIRECT] 1 : Invalid condition id : UX_CORESTACK_Condition cause : null
2023-10-16 09:48:07,301 [INFO] LogOutputStream:77 - [STDOUT_REDIRECT] 1 : Invalid condition id : UX_CORESTACK_Condition cause : null
2023-10-16 09:48:07,302 [INFO] LogOutputStream:77 - [STDOUT_REDIRECT] 1 : Invalid condition id : UX_CORESTACK_Condition cause : null
2023-10-16 09:48:07,303 [INFO] LogOutputStream:77 - [STDOUT_REDIRECT] 1 : Invalid condition id : UX_CORESTACK_Condition cause : null
2023-10-16 09:48:07,316 [WARN] PackLoader:240 - Cannot read IP mode file for STMicroelectronics.X-CUBE-AZRTOS-WL.2.0.0
2023-10-16 09:48:07,338 [WARN] PackLoader:240 - Cannot read IP mode file for WES.I-CUBE-Cesium.1.3.0
2023-10-16 09:48:07,348 [WARN] PackLoader:240 - Cannot read IP mode file for STMicroelectronics.X-CUBE-BLE2.3.3.0
2023-10-16 09:48:07,360 [WARN] PackLoader:240 - Cannot read IP mode file for STMicroelectronics.X-CUBE-ALGOBUILD.1.3.0
2023-10-16 09:48:07,401 [WARN] PackLoader:240 - Cannot read IP mode file for STMicroelectronics.X-CUBE-AZRTOS-G0.1.1.0
2023-10-16 09:48:07,419 [WARN] PackLoader:240 - Cannot read IP mode file for STMicroelectronics.X-CUBE-NFC4.3.0.0
2023-10-16 09:48:07,426 [WARN] PackLoader:240 - Cannot read IP mode file for STMicroelectronics.FP-ATR-SIGFOX1.3.2.0
2023-10-16 09:48:07,501 [WARN] PackLoader:240 - Cannot read IP mode file for SEGGER.I-CUBE-embOS.1.3.1
2023-10-16 09:48:07,614 [WARN] PackLoader:240 - Cannot read IP mode file for STMicroelectronics.X-CUBE-GNSS1.6.0.0
2023-10-16 09:48:07,656 [WARN] PackLoader:240 - Cannot read IP mode file for STMicroelectronics.X-CUBE-AZRTOS-F4.1.1.0
2023-10-16 09:48:07,670 [WARN] PackLoader:240 - Cannot read IP mode file for wolfSSL.I-CUBE-wolfSSL.5.6.3
2023-10-16 09:48:07,704 [WARN] PackLoader:240 - Cannot read IP mode file for STMicroelectronics.X-CUBE-AZRTOS-L5.2.0.0
2023-10-16 09:48:07,809 [WARN] PackLoader:240 - Cannot read IP mode file for STMicroelectronics.X-CUBE-MEMS1.9.6.0
2023-10-16 09:48:08,135 [WARN] PackLoader:240 - Cannot read IP mode file for ITTIA_DB.I-CUBE-ITTIADB.8.8.0
2023-10-16 09:48:08,145 [WARN] PackLoader:240 - Cannot read IP mode file for STMicroelectronics.X-CUBE-BLEMGR.2.0.0
2023-10-16 09:48:08,174 [WARN] ConditionMgr:438 - getConditionDescription Invalid condition id : UX DEVICE CLASS RTOS Condition cause : null
2023-10-16 09:48:08,174 [WARN] ConditionMgr:438 - getConditionDescription Invalid condition id : UX DEVICE CLASS RTOS Condition cause : null
2023-10-16 09:48:08,179 [WARN] PackLoader:240 - Cannot read IP mode file for STMicroelectronics.X-CUBE-AZRTOS-H7.3.1.0
2023-10-16 09:48:08,181 [WARN] ConditionMgr:1039 - genDependencies : Invalid condition id : UX DEVICE CLASS RTOS Condition cause : null
2023-10-16 09:48:08,181 [WARN] ConditionMgr:1039 - genDependencies : Invalid condition id : UX DEVICE CLASS RTOS Condition cause : null
2023-10-16 09:48:08,182 [WARN] ConditionMgr:1039 - genDependencies : Invalid condition id : UX DEVICE CLASS RTOS Condition cause : null
2023-10-16 09:48:08,183 [WARN] ConditionMgr:1039 - genDependencies : Invalid condition id : UX DEVICE CLASS RTOS Condition cause : null
2023-10-16 09:48:08,183 [WARN] ConditionMgr:1039 - genDependencies : Invalid condition id : UX DEVICE CLASS RTOS Condition cause : null
2023-10-16 09:48:08,192 [WARN] PackLoader:240 - Cannot read IP mode file for STMicroelectronics.X-CUBE-NFC7.1.0.1
2023-10-16 09:48:08,203 [WARN] PackLoader:240 - Cannot read IP mode file for STMicroelectronics.X-CUBE-NFC6.3.0.0
2023-10-16 09:48:08,214 [WARN] PackLoader:240 - Cannot read IP mode file for STMicroelectronics.X-CUBE-EEPRMA1.4.1.0
2023-10-16 09:48:08,220 [WARN] PackLoader:240 - Cannot read IP mode file for STMicroelectronics.X-CUBE-AI.8.1.0
2023-10-16 09:48:08,247 [WARN] ConditionMgr:438 - getConditionDescription Invalid condition id : LAN8742 Phy interface Condition cause : null
2023-10-16 09:48:08,248 [WARN] PackLoader:240 - Cannot read IP mode file for STMicroelectronics.X-CUBE-AZRTOS-L4.2.0.0
2023-10-16 09:48:08,250 [WARN] ConditionMgr:1039 - genDependencies : Invalid condition id : LAN8742 Phy interface Condition cause : null
2023-10-16 09:48:08,250 [WARN] ConditionMgr:1039 - genDependencies : Invalid condition id : LAN8742 Phy interface Condition cause : null
2023-10-16 09:48:08,252 [WARN] ConditionMgr:1039 - genDependencies : Invalid condition id : LAN8742 Phy interface Condition cause : null
2023-10-16 09:48:08,266 [WARN] PackLoader:240 - Cannot read IP mode file for STMicroelectronics.X-CUBE-SFXS2LP1.4.0.0
2023-10-16 09:48:08,274 [WARN] PackLoader:240 - Cannot read IP mode file for STMicroelectronics.X-CUBE-ISPU.1.1.0
2023-10-16 09:48:08,297 [WARN] ConditionMgr:438 - getConditionDescription Invalid condition id : UX DEVICE CLASS RTOS Condition cause : null
2023-10-16 09:48:08,297 [WARN] ConditionMgr:438 - getConditionDescription Invalid condition id : UX DEVICE CLASS RTOS Condition cause : null
2023-10-16 09:48:08,300 [WARN] PackLoader:240 - Cannot read IP mode file for STMicroelectronics.X-CUBE-AZRTOS-WB.2.0.0
2023-10-16 09:48:08,300 [WARN] ConditionMgr:1039 - genDependencies : Invalid condition id : UX DEVICE CLASS RTOS Condition cause : null
2023-10-16 09:48:08,301 [WARN] ConditionMgr:1039 - genDependencies : Invalid condition id : UX DEVICE CLASS RTOS Condition cause : null
2023-10-16 09:48:08,301 [WARN] ConditionMgr:1039 - genDependencies : Invalid condition id : UX DEVICE CLASS RTOS Condition cause : null
2023-10-16 09:48:08,301 [WARN] ConditionMgr:1039 - genDependencies : Invalid condition id : UX DEVICE CLASS RTOS Condition cause : null
2023-10-16 09:48:08,302 [WARN] ConditionMgr:1039 - genDependencies : Invalid condition id : UX DEVICE CLASS RTOS Condition cause : null
2023-10-16 09:48:08,317 [WARN] PackLoader:240 - Cannot read IP mode file for STMicroelectronics.X-CUBE-SUBG2.5.0.0
2023-10-16 09:48:08,403 [WARN] PackLoader:240 - Cannot read IP mode file for STMicroelectronics.X-CUBE-TOF1.3.3.1
2023-10-16 09:48:08,444 [WARN] PackLoader:240 - Cannot read IP mode file for STMicroelectronics.X-CUBE-AZRTOS-G4.2.0.0
2023-10-16 09:48:08,461 [WARN] PackLoader:240 - Cannot read IP mode file for Infineon.AIROC-Wi-Fi-Bluetooth-STM32.1.5.1
2023-10-16 09:48:08,473 [WARN] PackLoader:240 - Cannot read IP mode file for STMicroelectronics.X-CUBE-FREERTOS.1.1.0
2023-10-16 09:48:08,481 [WARN] PackLoader:240 - Cannot read IP mode file for portGmbH.I-Cube-SoM-uGOAL.1.1.0
2023-10-16 09:48:08,486 [WARN] PackLoader:240 - Cannot read IP mode file for STMicroelectronics.X-CUBE-ALS.1.0.1
2023-10-16 09:48:08,491 [WARN] PackLoader:240 - Cannot read IP mode file for STMicroelectronics.FP-ATR-ASTRA1.2.0.0
2023-10-16 09:48:08,493 [INFO] ThirdParty:978 - Integrity check success = true
2023-10-16 09:48:08,493 [INFO] IntegrityCheckThread:100 - exiting critical section [integrity check]
2023-10-16 09:48:08,493 [INFO] IntegrityCheckThread:103 - End integrity checks thread
2023-10-16 09:48:13,978 [ERROR] LogOutputStream:75 - [STDERR_REDIRECT] SLF4J: Failed to load class "org.slf4j.impl.StaticLoggerBinder".
2023-10-16 09:48:13,979 [ERROR] LogOutputStream:75 - [STDERR_REDIRECT] SLF4J: Defaulting to no-operation (NOP) logger implementation
2023-10-16 09:48:13,979 [ERROR] LogOutputStream:75 - [STDERR_REDIRECT] SLF4J: See http://www.slf4j.org/codes.html#StaticLoggerBinder for further details.
2023-10-16 09:48:53,516 [INFO] McuFinderGlobals:63 - Set McuFinder mode to 2 (CubeIDE integrated)
2023-10-16 09:48:53,520 [INFO] MainUpdater:2868 - connection check result : 10
2023-10-16 09:48:53,523 [INFO] McuFinderGlobals:76 - Set McuFinderConnectedMode to true
2023-10-16 09:48:54,443 [INFO] ServerAccessManage:473 - Download File mcusAds.json._tmp_
2023-10-16 09:48:54,555 [INFO] LoadUrlFilesThread:156 - End of LoadUrlFiles Thread
2023-10-16 09:48:54,815 [INFO] ServerAccessManage:473 - Download File cube-finder-db.zip
2023-10-16 09:50:35,762 [INFO] FileExtend:240 - Unzip File : cube-finder-db.zip
2023-10-16 09:50:35,766 [INFO] FileExtend:255 - Standard Zip Deflate
2023-10-16 09:50:38,752 [INFO] LoadUrlFilesThread:156 - End of LoadUrlFiles Thread
2023-10-16 09:50:39,509 [INFO] ServerAccessManage:473 - Download File crdb.zip
2023-10-16 09:50:42,719 [INFO] FileExtend:240 - Unzip File : crdb.zip
2023-10-16 09:50:42,720 [INFO] FileExtend:255 - Standard Zip Deflate
2023-10-16 09:50:42,883 [INFO] LoadUrlFilesThread:156 - End of LoadUrlFiles Thread
2023-10-16 09:50:43,202 [INFO] ServerAccessManage:473 - Download File tutoVideoDB.zip
2023-10-16 09:50:43,397 [INFO] FileExtend:240 - Unzip File : tutoVideoDB.zip
2023-10-16 09:50:43,397 [INFO] FileExtend:255 - Standard Zip Deflate
2023-10-16 09:50:43,505 [INFO] LoadUrlFilesThread:156 - End of LoadUrlFiles Thread
2023-10-16 09:50:43,512 [WARN] DbFile:41 - Overriding database path with different value: /Users/OFA/.stmcufinder/plugins/mcufinder/ => /Users/OFA/.stmcufinder/plugins/mcufinder
2023-10-16 09:50:43,675 [INFO] ServerAccessManage:473 - Download File api_config.json
2023-10-16 09:50:43,784 [INFO] LoadUrlFilesThread:156 - End of LoadUrlFiles Thread
2023-10-16 09:50:43,787 [INFO] DbMcusAds:53 - JSON generation date=Tue Mar 07 11:50:55 TRT 2023 (1678179055114)
2023-10-16 09:50:43,864 [INFO] LoadUrlFilesThread:185 - End of LoadServerUrlFiles without Thread
2023-10-16 09:50:43,864 [INFO] TargetSelectorAdapter:259 - Refresh data is successful
2023-10-16 09:50:45,579 [INFO] ApiDb:581 - Connected to CubeFinder SQLite database (/Users/OFA/.stmcufinder/plugins/mcufinder/mcu/cube-finder-db.db)
2023-10-16 09:50:45,862 [INFO] ApiDb:668 - CubeFinder database Data Model version=2.1
2023-10-16 09:50:45,864 [INFO] ApiDb:669 - CubeFinder database Configuration version=3.0.37
2023-10-16 09:50:45,866 [INFO] ApiDb:670 - CubeFinder database generation date=2023-08-09 (1691586011)
2023-10-16 09:50:45,867 [INFO] ApiDb:671 - CubeFinder database FW Pack versions=[FP-ATR-ASTRA1_V2.0.0, FP-SNS-FLIGHT1_V5.0.1, FP-SNS-FLIGHT1_V5.0.2, FP-SNS-MOTENV1_V4.3.1, FP-SNS-MOTENV1_V4.3.2, STM32Cube_FW_C0_V1.1.0, STM32Cube_FW_F4_V1.27.1, STM32Cube_FW_F7_V1.17.0, STM32Cube_FW_G0_V1.6.1, STM32Cube_FW_G4_V1.5.1, STM32Cube_FW_H5_V0.5.1, STM32Cube_FW_H5_V1.1.0, STM32Cube_FW_H7_V1.11.0, STM32Cube_FW_L0_V1.12.2, STM32Cube_FW_L5_V1.5.0, STM32Cube_FW_U5_V1.3.0, STM32Cube_FW_U5_V1.3.0RC4, STM32Cube_FW_WBA_V1.0.0RC1, STM32Cube_FW_WBA_V1.1.0, STM32Cube_FW_WBA_V1.1.0RC1, STM32Cube_FW_WB_V1.15.0RC1, STM32Cube_FW_WB_V1.16.0, STM32Cube_FW_WB_V1.16.0RC2, STM32Cube_FW_WB_V1.17.0, STM32Cube_FW_WL_V1.3.0, X-CUBE-ALGOBUILD_V1.3.0, X-CUBE-ALS_V1.0.1, X-CUBE-AZRTOS-F4_V1.1.0, X-CUBE-AZRTOS-F7_V1.1.0, X-CUBE-AZRTOS-G0_V1.1.0, X-CUBE-AZRTOS-G4_V2.0.0, X-CUBE-AZRTOS-H7_V3.1.0, X-CUBE-AZRTOS-L4_V1.0.0, X-CUBE-AZRTOS-L4_V2.0.0, X-CUBE-AZRTOS-L5_V1.1.0, X-CUBE-AZRTOS-WB_V1.1.0, X-CUBE-AZRTOS-WL_V2.0.0, X-CUBE-BLE1_V7.0.0, X-CUBE-BLE2_V3.3.0, X-CUBE-BLEMGR_V2.0.0, X-CUBE-EEPRMA1_V4.1.0, X-CUBE-FREERTOS_V1.1.0, X-CUBE-GNSS1_V6.0.0, X-CUBE-MEMS1_V9.1.0, X-CUBE-MEMS1_V9.4.0, X-CUBE-MEMS1_V9.6.0, X-CUBE-NFC4_V3.0.0, X-CUBE-NFC7_V1.0.0, X-CUBE-SFXS2LP1_V4.0.0, X-CUBE-SUBG2_V5.0.0, X-CUBE-TOF1_V3.3.1]
2023-10-16 09:50:53,257 [INFO] ApiDb:240 - Found 323 in-development CPN: [B-G473E-ZEST1S, B-WB1M-WPAN1, B-WL5M-SUBG1, NUCLEO-C031C6, NUCLEO-H503RB, NUCLEO-H563ZI, NUCLEO-U545RE-Q, NUCLEO-U5A5ZJ-Q, NUCLEO-WBA52CG, STEVAL-PROTEUS1, STEVAL-SMARTAG2, STEVAL-STWINBX1, STM320518-EVAL, STM32C0116-DK, STM32C011D6Y3TR, STM32C011D6Y6TR, STM32C011F4P3, STM32C011F4P6, STM32C011F4U3, STM32C011F4U6TR, STM32C011F6P3, STM32C011F6P6, STM32C011F6U3, STM32C011F6U6TR, STM32C011J4M3, STM32C011J4M6, STM32C011J6M3, STM32C011J6M6, STM32C0316-DK, STM32C031C4T3, STM32C031C4T6, STM32C031C4U3, STM32C031C4U6, STM32C031C6T3, STM32C031C6T6, STM32C031C6U3, STM32C031C6U6, STM32C031F4P3, STM32C031F4P6, STM32C031F6P3, STM32C031F6P6, STM32C031G4U3, STM32C031G4U6, STM32C031G6U3, STM32C031G6U6, STM32C031K4T3, STM32C031K4T6, STM32C031K4U3, STM32C031K4U6, STM32C031K6T3, STM32C031K6T6, STM32C031K6U3, STM32C031K6U6, STM32G071K8TXN, STM32G071K8UXN, STM32G081GBU6N, STM32G081KBT6N, STM32G081KBUXN, STM32G0B1CCT6N, STM32G0B1KCT6, STM32G0B1NEY6TR, STM32G0B1RCT6N, STM32G0C1CCT6, STM32G0C1CCT6N, STM32G0C1CCU6N, STM32G0C1CET6N, STM32G0C1CEU6N, STM32G0C1KCT6, STM32G0C1NEY6TR, STM32G0C1RCI6N, STM32G0C1RCT6N, STM32G0C1REI6N, STM32G0C1RET6N, STM32G0C1VCI6, STM32G0C1VEI6, STM32G471CCT6, STM32G471CCU6, STM32G471CET3, STM32G471CET6, STM32G471CEU3, STM32G471CEU6, STM32G471MCT6, STM32G471MET3, STM32G471MET6, STM32G471MEY6TR, STM32G471QCT6, STM32G471QET3, STM32G471RCT6, STM32G471RET3, STM32G471RET6, STM32G471VCH6, STM32G471VCI6, STM32G471VCT6, STM32G471VEH3, STM32G471VEH6, STM32G471VEI3, STM32G471VEI6, STM32G471VET3, STM32G471VET6, STM32G474CCT6, STM32H503CBT6, STM32H503CBU6, STM32H503EBY6TR, STM32H503KBU6, STM32H503RBT6, STM32H562AGI6, STM32H562AII6, STM32H562IGK6, STM32H562IGT6, STM32H562IIK6, STM32H562IIT6, STM32H562RGT6, STM32H562RGV6, STM32H562RIT6, STM32H562RIV6, STM32H562VGT6, STM32H562VIT6, STM32H562ZGT6, STM32H562ZIT6, STM32H563AGI6, STM32H563AII3Q, STM32H563AII6, STM32H563IGK6, STM32H563IGT6, STM32H563IIK3Q, STM32H563IIK6, STM32H563IIT3Q, STM32H563IIT6, STM32H563MIY3QTR, STM32H563RGT6, STM32H563RGV6, STM32H563RIT6, STM32H563RIV6, STM32H563VGT6, STM32H563VIT3Q, STM32H563VIT6, STM32H563ZGT6, STM32H563ZIT3Q, STM32H563ZIT6, STM32H573AII3Q, STM32H573AII6, STM32H573I-DK, STM32H573IIK3Q, STM32H573IIK6, STM32H573IIT3Q, STM32H573IIT6, STM32H573MIY3QTR, STM32H573RIT6, STM32H573RIV6, STM32H573VIT3Q, STM32H573VIT6, STM32H573ZIT3Q, STM32H573ZIT6, STM32L4R5QGI6STR, STM32MP131AAE3, STM32MP131AAF3, STM32MP131AAG3, STM32MP131CAE3, STM32MP131CAF3, STM32MP131CAG3, STM32MP131DAE7, STM32MP131DAF7, STM32MP131DAG7, STM32MP131FAE7, STM32MP131FAF7, STM32MP131FAG7, STM32MP133AAE3, STM32MP133AAF3, STM32MP133AAG3, STM32MP133CAE3, STM32MP133CAF3, STM32MP133CAG3, STM32MP133DAE7, STM32MP133DAF7, STM32MP133DAG7, STM32MP133FAE7, STM32MP133FAF7, STM32MP133FAG7, STM32MP135AAE3, STM32MP135AAF3, STM32MP135AAG3, STM32MP135CAE3, STM32MP135CAF3, STM32MP135CAG3, STM32MP135DAE7, STM32MP135DAF7, STM32MP135DAG7, STM32MP135F-DK, STM32MP135FAE7, STM32MP135FAF7, STM32MP135FAF7T, STM32MP135FAF7U, STM32MP135FAG7, STM32U535CBT6, STM32U535CBT6Q, STM32U535CBU6, STM32U535CBU6Q, STM32U535CCT6, STM32U535CCT6Q, STM32U535CCU6, STM32U535CCU6Q, STM32U535CET6, STM32U535CET6Q, STM32U535CEU6, STM32U535CEU6Q, STM32U535JEY6QTR, STM32U535NCY6QTR, STM32U535NEY6QTR, STM32U535RBI6, STM32U535RBI6Q, STM32U535RBT6, STM32U535RBT6Q, STM32U535RCI6, STM32U535RCI6Q, STM32U535RCT6, STM32U535RCT6Q, STM32U535REI6, STM32U535REI6Q, STM32U535RET6, STM32U535RET6Q, STM32U535VCI6, STM32U535VCI6Q, STM32U535VCT6, STM32U535VCT6Q, STM32U535VEI6, STM32U535VEI6Q, STM32U535VET6, STM32U535VET6Q, STM32U545CET6, STM32U545CET6Q, STM32U545CEU6, STM32U545CEU6Q, STM32U545JEY6QTR, STM32U545NEY6QTR, STM32U545REI6, STM32U545REI6Q, STM32U545RET6, STM32U545RET6Q, STM32U545VEI6, STM32U545VEI6Q, STM32U545VET6, STM32U545VET6Q, STM32U595AIH6, STM32U595AIH6Q, STM32U595AJH6, STM32U595AJH6Q, STM32U595QII6, STM32U595QII6Q, STM32U595QJI6, STM32U595QJI6Q, STM32U595RIT6, STM32U595RIT6Q, STM32U595RJT6, STM32U595RJT6Q, STM32U595VIT6, STM32U595VIT6Q, STM32U595VJT6, STM32U595VJT6Q, STM32U595ZIT6, STM32U595ZIT6Q, STM32U595ZIY6QTR, STM32U595ZJT6, STM32U595ZJT6Q, STM32U595ZJY6QTR, STM32U599BJY6QTR, STM32U599NIH6Q, STM32U599NJH6Q, STM32U599VIT6Q, STM32U599VJT6, STM32U599VJT6Q, STM32U599ZIT6Q, STM32U599ZIY6QTR, STM32U599ZJT6Q, STM32U599ZJY6QTR, STM32U5A5AJH6, STM32U5A5AJH6Q, STM32U5A5QJI6, STM32U5A5QJI6Q, STM32U5A5RJT6, STM32U5A5RJT6Q, STM32U5A5VJT6, STM32U5A5VJT6Q, STM32U5A5ZJT6, STM32U5A5ZJT6Q, STM32U5A5ZJY6QTR, STM32U5A9BJY6QTR, STM32U5A9J-DK, STM32U5A9NJH6Q, STM32U5A9VJT6Q, STM32U5A9ZJT6Q, STM32U5A9ZJY6QTR, STM32U5F7VIT6, STM32U5F7VIT6Q, STM32U5F7VJT6, STM32U5F7VJT6Q, STM32U5F9BJY6QTR, STM32U5F9NJH6Q, STM32U5F9VIT6Q, STM32U5F9VJT6Q, STM32U5F9ZIJ6QTR, STM32U5F9ZIT6Q, STM32U5F9ZJJ6QTR, STM32U5F9ZJT6Q, STM32U5G7VJT6, STM32U5G7VJT6Q, STM32U5G9BJY6QTR, STM32U5G9J-DK1, STM32U5G9J-DK2, STM32U5G9NJH6Q, STM32U5G9VJT6Q, STM32U5G9ZJJ6QTR, STM32U5G9ZJT6Q, STM32WB1MMCH6, STM32WBA52CEU6, STM32WBA52CEU6T, STM32WBA52CGU6, STM32WBA52CGU6T, STM32WBA52KEU6, STM32WBA52KEU6T, STM32WBA52KGU6, STM32WBA52KGU6T, STM32WL5MOCH6, STM32WL5MOCH6TR]
2023-10-16 09:50:53,270 [INFO] DbMcus:217 - Found 3848 MCUs, 3848 are supported
2023-10-16 09:50:53,276 [INFO] ApiDb:423 - Load user favorites file /Users/OFA/.stm32cubeide/favorites.mcus.txt: 0 item(s)
2023-10-16 09:50:53,276 [INFO] ApiDb:427 - User favorites MCUs=[]
2023-10-16 09:50:53,277 [INFO] DbMcus:223 - Set 0 / 0 favorites MCUs
2023-10-16 09:50:54,297 [INFO] ApiDb:668 - CubeFinder database Data Model version=2.1
2023-10-16 09:50:54,297 [INFO] ApiDb:669 - CubeFinder database Configuration version=3.0.37
2023-10-16 09:50:54,298 [INFO] ApiDb:670 - CubeFinder database generation date=2023-08-09 (1691586011)
2023-10-16 09:50:54,298 [INFO] ApiDb:671 - CubeFinder database FW Pack versions=[FP-ATR-ASTRA1_V2.0.0, FP-SNS-FLIGHT1_V5.0.1, FP-SNS-FLIGHT1_V5.0.2, FP-SNS-MOTENV1_V4.3.1, FP-SNS-MOTENV1_V4.3.2, STM32Cube_FW_C0_V1.1.0, STM32Cube_FW_F4_V1.27.1, STM32Cube_FW_F7_V1.17.0, STM32Cube_FW_G0_V1.6.1, STM32Cube_FW_G4_V1.5.1, STM32Cube_FW_H5_V0.5.1, STM32Cube_FW_H5_V1.1.0, STM32Cube_FW_H7_V1.11.0, STM32Cube_FW_L0_V1.12.2, STM32Cube_FW_L5_V1.5.0, STM32Cube_FW_U5_V1.3.0, STM32Cube_FW_U5_V1.3.0RC4, STM32Cube_FW_WBA_V1.0.0RC1, STM32Cube_FW_WBA_V1.1.0, STM32Cube_FW_WBA_V1.1.0RC1, STM32Cube_FW_WB_V1.15.0RC1, STM32Cube_FW_WB_V1.16.0, STM32Cube_FW_WB_V1.16.0RC2, STM32Cube_FW_WB_V1.17.0, STM32Cube_FW_WL_V1.3.0, X-CUBE-ALGOBUILD_V1.3.0, X-CUBE-ALS_V1.0.1, X-CUBE-AZRTOS-F4_V1.1.0, X-CUBE-AZRTOS-F7_V1.1.0, X-CUBE-AZRTOS-G0_V1.1.0, X-CUBE-AZRTOS-G4_V2.0.0, X-CUBE-AZRTOS-H7_V3.1.0, X-CUBE-AZRTOS-L4_V1.0.0, X-CUBE-AZRTOS-L4_V2.0.0, X-CUBE-AZRTOS-L5_V1.1.0, X-CUBE-AZRTOS-WB_V1.1.0, X-CUBE-AZRTOS-WL_V2.0.0, X-CUBE-BLE1_V7.0.0, X-CUBE-BLE2_V3.3.0, X-CUBE-BLEMGR_V2.0.0, X-CUBE-EEPRMA1_V4.1.0, X-CUBE-FREERTOS_V1.1.0, X-CUBE-GNSS1_V6.0.0, X-CUBE-MEMS1_V9.1.0, X-CUBE-MEMS1_V9.4.0, X-CUBE-MEMS1_V9.6.0, X-CUBE-NFC4_V3.0.0, X-CUBE-NFC7_V1.0.0, X-CUBE-SFXS2LP1_V4.0.0, X-CUBE-SUBG2_V5.0.0, X-CUBE-TOF1_V3.3.1]
2023-10-16 09:50:54,601 [INFO] DbBoardsSqlite:226 - include board P-NUCLEO-WB55-NUCLEO as a kit item of type 'Nucleo-64'
2023-10-16 09:50:54,601 [INFO] DbBoardsSqlite:226 - include board P-NUCLEO-WB55-USBDONGLE as a kit item of type 'Nucleo USB Dongle'
2023-10-16 09:50:54,602 [INFO] DbBoardsSqlite:226 - include board STEVAL-IDP005V1 as a kit item of type 'Evaluation Board'
2023-10-16 09:50:54,603 [INFO] DbBoardsSqlite:226 - include board STEVAL-IDP005V2 as a kit item of type 'Evaluation Board'
2023-10-16 09:50:54,703 [INFO] ApiDb:240 - Found 323 in-development CPN: [B-G473E-ZEST1S, B-WB1M-WPAN1, B-WL5M-SUBG1, NUCLEO-C031C6, NUCLEO-H503RB, NUCLEO-H563ZI, NUCLEO-U545RE-Q, NUCLEO-U5A5ZJ-Q, NUCLEO-WBA52CG, STEVAL-PROTEUS1, STEVAL-SMARTAG2, STEVAL-STWINBX1, STM320518-EVAL, STM32C0116-DK, STM32C011D6Y3TR, STM32C011D6Y6TR, STM32C011F4P3, STM32C011F4P6, STM32C011F4U3, STM32C011F4U6TR, STM32C011F6P3, STM32C011F6P6, STM32C011F6U3, STM32C011F6U6TR, STM32C011J4M3, STM32C011J4M6, STM32C011J6M3, STM32C011J6M6, STM32C0316-DK, STM32C031C4T3, STM32C031C4T6, STM32C031C4U3, STM32C031C4U6, STM32C031C6T3, STM32C031C6T6, STM32C031C6U3, STM32C031C6U6, STM32C031F4P3, STM32C031F4P6, STM32C031F6P3, STM32C031F6P6, STM32C031G4U3, STM32C031G4U6, STM32C031G6U3, STM32C031G6U6, STM32C031K4T3, STM32C031K4T6, STM32C031K4U3, STM32C031K4U6, STM32C031K6T3, STM32C031K6T6, STM32C031K6U3, STM32C031K6U6, STM32G071K8TXN, STM32G071K8UXN, STM32G081GBU6N, STM32G081KBT6N, STM32G081KBUXN, STM32G0B1CCT6N, STM32G0B1KCT6, STM32G0B1NEY6TR, STM32G0B1RCT6N, STM32G0C1CCT6, STM32G0C1CCT6N, STM32G0C1CCU6N, STM32G0C1CET6N, STM32G0C1CEU6N, STM32G0C1KCT6, STM32G0C1NEY6TR, STM32G0C1RCI6N, STM32G0C1RCT6N, STM32G0C1REI6N, STM32G0C1RET6N, STM32G0C1VCI6, STM32G0C1VEI6, STM32G471CCT6, STM32G471CCU6, STM32G471CET3, STM32G471CET6, STM32G471CEU3, STM32G471CEU6, STM32G471MCT6, STM32G471MET3, STM32G471MET6, STM32G471MEY6TR, STM32G471QCT6, STM32G471QET3, STM32G471RCT6, STM32G471RET3, STM32G471RET6, STM32G471VCH6, STM32G471VCI6, STM32G471VCT6, STM32G471VEH3, STM32G471VEH6, STM32G471VEI3, STM32G471VEI6, STM32G471VET3, STM32G471VET6, STM32G474CCT6, STM32H503CBT6, STM32H503CBU6, STM32H503EBY6TR, STM32H503KBU6, STM32H503RBT6, STM32H562AGI6, STM32H562AII6, STM32H562IGK6, STM32H562IGT6, STM32H562IIK6, STM32H562IIT6, STM32H562RGT6, STM32H562RGV6, STM32H562RIT6, STM32H562RIV6, STM32H562VGT6, STM32H562VIT6, STM32H562ZGT6, STM32H562ZIT6, STM32H563AGI6, STM32H563AII3Q, STM32H563AII6, STM32H563IGK6, STM32H563IGT6, STM32H563IIK3Q, STM32H563IIK6, STM32H563IIT3Q, STM32H563IIT6, STM32H563MIY3QTR, STM32H563RGT6, STM32H563RGV6, STM32H563RIT6, STM32H563RIV6, STM32H563VGT6, STM32H563VIT3Q, STM32H563VIT6, STM32H563ZGT6, STM32H563ZIT3Q, STM32H563ZIT6, STM32H573AII3Q, STM32H573AII6, STM32H573I-DK, STM32H573IIK3Q, STM32H573IIK6, STM32H573IIT3Q, STM32H573IIT6, STM32H573MIY3QTR, STM32H573RIT6, STM32H573RIV6, STM32H573VIT3Q, STM32H573VIT6, STM32H573ZIT3Q, STM32H573ZIT6, STM32L4R5QGI6STR, STM32MP131AAE3, STM32MP131AAF3, STM32MP131AAG3, STM32MP131CAE3, STM32MP131CAF3, STM32MP131CAG3, STM32MP131DAE7, STM32MP131DAF7, STM32MP131DAG7, STM32MP131FAE7, STM32MP131FAF7, STM32MP131FAG7, STM32MP133AAE3, STM32MP133AAF3, STM32MP133AAG3, STM32MP133CAE3, STM32MP133CAF3, STM32MP133CAG3, STM32MP133DAE7, STM32MP133DAF7, STM32MP133DAG7, STM32MP133FAE7, STM32MP133FAF7, STM32MP133FAG7, STM32MP135AAE3, STM32MP135AAF3, STM32MP135AAG3, STM32MP135CAE3, STM32MP135CAF3, STM32MP135CAG3, STM32MP135DAE7, STM32MP135DAF7, STM32MP135DAG7, STM32MP135F-DK, STM32MP135FAE7, STM32MP135FAF7, STM32MP135FAF7T, STM32MP135FAF7U, STM32MP135FAG7, STM32U535CBT6, STM32U535CBT6Q, STM32U535CBU6, STM32U535CBU6Q, STM32U535CCT6, STM32U535CCT6Q, STM32U535CCU6, STM32U535CCU6Q, STM32U535CET6, STM32U535CET6Q, STM32U535CEU6, STM32U535CEU6Q, STM32U535JEY6QTR, STM32U535NCY6QTR, STM32U535NEY6QTR, STM32U535RBI6, STM32U535RBI6Q, STM32U535RBT6, STM32U535RBT6Q, STM32U535RCI6, STM32U535RCI6Q, STM32U535RCT6, STM32U535RCT6Q, STM32U535REI6, STM32U535REI6Q, STM32U535RET6, STM32U535RET6Q, STM32U535VCI6, STM32U535VCI6Q, STM32U535VCT6, STM32U535VCT6Q, STM32U535VEI6, STM32U535VEI6Q, STM32U535VET6, STM32U535VET6Q, STM32U545CET6, STM32U545CET6Q, STM32U545CEU6, STM32U545CEU6Q, STM32U545JEY6QTR, STM32U545NEY6QTR, STM32U545REI6, STM32U545REI6Q, STM32U545RET6, STM32U545RET6Q, STM32U545VEI6, STM32U545VEI6Q, STM32U545VET6, STM32U545VET6Q, STM32U595AIH6, STM32U595AIH6Q, STM32U595AJH6, STM32U595AJH6Q, STM32U595QII6, STM32U595QII6Q, STM32U595QJI6, STM32U595QJI6Q, STM32U595RIT6, STM32U595RIT6Q, STM32U595RJT6, STM32U595RJT6Q, STM32U595VIT6, STM32U595VIT6Q, STM32U595VJT6, STM32U595VJT6Q, STM32U595ZIT6, STM32U595ZIT6Q, STM32U595ZIY6QTR, STM32U595ZJT6, STM32U595ZJT6Q, STM32U595ZJY6QTR, STM32U599BJY6QTR, STM32U599NIH6Q, STM32U599NJH6Q, STM32U599VIT6Q, STM32U599VJT6, STM32U599VJT6Q, STM32U599ZIT6Q, STM32U599ZIY6QTR, STM32U599ZJT6Q, STM32U599ZJY6QTR, STM32U5A5AJH6, STM32U5A5AJH6Q, STM32U5A5QJI6, STM32U5A5QJI6Q, STM32U5A5RJT6, STM32U5A5RJT6Q, STM32U5A5VJT6, STM32U5A5VJT6Q, STM32U5A5ZJT6, STM32U5A5ZJT6Q, STM32U5A5ZJY6QTR, STM32U5A9BJY6QTR, STM32U5A9J-DK, STM32U5A9NJH6Q, STM32U5A9VJT6Q, STM32U5A9ZJT6Q, STM32U5A9ZJY6QTR, STM32U5F7VIT6, STM32U5F7VIT6Q, STM32U5F7VJT6, STM32U5F7VJT6Q, STM32U5F9BJY6QTR, STM32U5F9NJH6Q, STM32U5F9VIT6Q, STM32U5F9VJT6Q, STM32U5F9ZIJ6QTR, STM32U5F9ZIT6Q, STM32U5F9ZJJ6QTR, STM32U5F9ZJT6Q, STM32U5G7VJT6, STM32U5G7VJT6Q, STM32U5G9BJY6QTR, STM32U5G9J-DK1, STM32U5G9J-DK2, STM32U5G9NJH6Q, STM32U5G9VJT6Q, STM32U5G9ZJJ6QTR, STM32U5G9ZJT6Q, STM32WB1MMCH6, STM32WBA52CEU6, STM32WBA52CEU6T, STM32WBA52CGU6, STM32WBA52CGU6T, STM32WBA52KEU6, STM32WBA52KEU6T, STM32WBA52KGU6, STM32WBA52KGU6T, STM32WL5MOCH6, STM32WL5MOCH6TR]
2023-10-16 09:50:55,025 [INFO] BoardInfo:880 - No configuration file found for board P-NUCLEO-WB55
2023-10-16 09:50:55,025 [INFO] DbBoards:157 - Kit is not supported: P-NUCLEO-WB55
2023-10-16 09:50:55,042 [INFO] BoardInfo:880 - No configuration file found for board STEVAL-BFA001V1B
2023-10-16 09:50:55,042 [INFO] DbBoards:157 - Kit is not supported: STEVAL-BFA001V1B
2023-10-16 09:50:55,045 [INFO] BoardInfo:880 - No configuration file found for board STEVAL-BFA001V2B
2023-10-16 09:50:55,045 [INFO] DbBoards:157 - Kit is not supported: STEVAL-BFA001V2B
2023-10-16 09:50:55,491 [INFO] DbBoards:161 - Found 190 boards, 187 are supported
2023-10-16 09:50:55,498 [INFO] ApiDb:423 - Load user favorites file /Users/OFA/.stm32cubeide/favorites.boards.txt: 0 item(s)
2023-10-16 09:50:55,499 [INFO] ApiDb:427 - User favorites Boards=[]
2023-10-16 09:50:55,499 [INFO] DbBoards:190 - Set 0 / 0 favorites Boards
2023-10-16 09:50:55,509 [INFO] ApiDb:668 - CubeFinder database Data Model version=2.1
2023-10-16 09:50:55,509 [INFO] ApiDb:669 - CubeFinder database Configuration version=3.0.37
2023-10-16 09:50:55,509 [INFO] ApiDb:670 - CubeFinder database generation date=2023-08-09 (1691586011)
2023-10-16 09:50:55,509 [INFO] ApiDb:671 - CubeFinder database FW Pack versions=[FP-ATR-ASTRA1_V2.0.0, FP-SNS-FLIGHT1_V5.0.1, FP-SNS-FLIGHT1_V5.0.2, FP-SNS-MOTENV1_V4.3.1, FP-SNS-MOTENV1_V4.3.2, STM32Cube_FW_C0_V1.1.0, STM32Cube_FW_F4_V1.27.1, STM32Cube_FW_F7_V1.17.0, STM32Cube_FW_G0_V1.6.1, STM32Cube_FW_G4_V1.5.1, STM32Cube_FW_H5_V0.5.1, STM32Cube_FW_H5_V1.1.0, STM32Cube_FW_H7_V1.11.0, STM32Cube_FW_L0_V1.12.2, STM32Cube_FW_L5_V1.5.0, STM32Cube_FW_U5_V1.3.0, STM32Cube_FW_U5_V1.3.0RC4, STM32Cube_FW_WBA_V1.0.0RC1, STM32Cube_FW_WBA_V1.1.0, STM32Cube_FW_WBA_V1.1.0RC1, STM32Cube_FW_WB_V1.15.0RC1, STM32Cube_FW_WB_V1.16.0, STM32Cube_FW_WB_V1.16.0RC2, STM32Cube_FW_WB_V1.17.0, STM32Cube_FW_WL_V1.3.0, X-CUBE-ALGOBUILD_V1.3.0, X-CUBE-ALS_V1.0.1, X-CUBE-AZRTOS-F4_V1.1.0, X-CUBE-AZRTOS-F7_V1.1.0, X-CUBE-AZRTOS-G0_V1.1.0, X-CUBE-AZRTOS-G4_V2.0.0, X-CUBE-AZRTOS-H7_V3.1.0, X-CUBE-AZRTOS-L4_V1.0.0, X-CUBE-AZRTOS-L4_V2.0.0, X-CUBE-AZRTOS-L5_V1.1.0, X-CUBE-AZRTOS-WB_V1.1.0, X-CUBE-AZRTOS-WL_V2.0.0, X-CUBE-BLE1_V7.0.0, X-CUBE-BLE2_V3.3.0, X-CUBE-BLEMGR_V2.0.0, X-CUBE-EEPRMA1_V4.1.0, X-CUBE-FREERTOS_V1.1.0, X-CUBE-GNSS1_V6.0.0, X-CUBE-MEMS1_V9.1.0, X-CUBE-MEMS1_V9.4.0, X-CUBE-MEMS1_V9.6.0, X-CUBE-NFC4_V3.0.0, X-CUBE-NFC7_V1.0.0, X-CUBE-SFXS2LP1_V4.0.0, X-CUBE-SUBG2_V5.0.0, X-CUBE-TOF1_V3.3.1]
2023-10-16 09:50:58,900 [INFO] DbExamplesSqlite:395 - Ignored 27 examples not supported by CubeIDE
2023-10-16 09:50:58,903 [INFO] DbExamplesSqlite:396 - Found 7231 examples active
2023-10-16 09:50:58,903 [INFO] DbExamplesSqlite:397 - Found 677 examples obsolete
2023-10-16 09:50:58,904 [INFO] DbExamplesSqlite:398 - Found 0 examples under development
2023-10-16 09:50:58,905 [INFO] DbExamplesSqlite:399 - Found 74 examples not building
2023-10-16 09:50:58,909 [INFO] DbExamples:125 - Found 7278 examples
2023-10-16 09:50:58,931 [INFO] DbExamples:222 - Found 92 boards with related examples
2023-10-16 09:50:58,933 [INFO] DbExamples:235 - Found 78 MCUs with related examples
2023-10-16 09:50:58,968 [INFO] ApiDb:414 - User favorites file not found: /Users/OFA/.stm32cubeide/favorites.examples.txt
2023-10-16 09:50:58,968 [INFO] DbExamples:250 - Set 0 / 0 favorites Examples
2023-10-16 09:50:59,315 [INFO] McuFinderGlobals:76 - Set McuFinderConnectedMode to true
2023-10-16 09:50:59,332 [INFO] MultiScanPanel:200 - Auto-refresh data requested => check proxy status ongoing
2023-10-16 09:50:59,339 [INFO] FinderPluginLoader:95 - Searching for filters in installed packs
2023-10-16 09:51:03,447 [INFO] LoadUrlFilesThread:185 - End of LoadServerUrlFiles without Thread
2023-10-16 09:51:03,469 [INFO] DetailPanel:341 - Set advertising image to /Users/OFA/STM32Cube/Repository//en.prom-stm32h5-mcu-finder.jpg
2023-10-16 10:27:31,697 [INFO] McuFinderGlobals:76 - Set McuFinderConnectedMode to true
2023-10-16 10:27:33,057 [INFO] ApiDb:448 - Save user favorites file /Users/OFA/.stm32cubeide/favorites.mcus.txt: 0 item(s)
2023-10-16 10:27:33,058 [INFO] ApiDb:452 - User favorites MCUs=[]
2023-10-16 11:01:43,078 [ERROR] LogOutputStream:75 - [STDERR_REDIRECT] 
